2022-04-03 09:02:48,284 - instabot version: 0.117.0 (bot) - INFO - Instabot version: 0.117.0 Started
2022-04-03 09:02:48,285 - instabot version: 0.117.0 (bot) - DEBUG - Bot imported from /Users/gabrielcarvalho/opt/anaconda3/lib/python3.9/site-packages/instabot/bot/bot.py
2022-04-03 09:02:48,287 - instabot version: 0.117.0 (api_login) - INFO - Not yet logged in starting: PRE-LOGIN FLOW!
2022-04-03 09:02:48,594 - instabot version: 0.117.0 (api) - DEBUG - POST to endpoint: accounts/get_prefill_candidates/ returned response: <Response [200]>
2022-04-03 09:02:48,849 - instabot version: 0.117.0 (api) - DEBUG - POST to endpoint: qe/sync/ returned response: <Response [200]>
2022-04-03 09:02:49,258 - instabot version: 0.117.0 (api) - DEBUG - POST to endpoint: launcher/sync/ returned response: <Response [200]>
2022-04-03 09:02:49,531 - instabot version: 0.117.0 (api) - DEBUG - POST to endpoint: accounts/contact_point_prefill/ returned response: <Response [200]>
2022-04-03 09:02:54,427 - instabot version: 0.117.0 (api) - DEBUG - POST to endpoint: accounts/login/ returned response: <Response [400]>
2022-04-03 09:02:54,428 - instabot version: 0.117.0 (api) - DEBUG - Responsecode indicates error; response content: b'{"message":"challenge_required","challenge":{"url":"https://i.instagram.com/challenge/AXF8s_s0JQ8SsqlmVy0lby7kxz0Bwk_5YbxXGvpO8pKLnS9z6RCtQGyOquyrWdqzn_Xm-gI/BFbDf4x915Lqa6Wr/","api_path":"/challenge/AXF8s_s0JQ8SsqlmVy0lby7kxz0Bwk_5YbxXGvpO8pKLnS9z6RCtQGyOquyrWdqzn_Xm-gI/BFbDf4x915Lqa6Wr/","hide_webview_header":true,"lock":true,"logout":false,"native_flow":true,"flow_render_type":0},"status":"fail","error_type":"checkpoint_challenge_required"}'
2022-04-03 09:02:54,428 - instabot version: 0.117.0 (api) - ERROR - Request returns 400 error!
2022-04-03 09:02:54,429 - instabot version: 0.117.0 (api) - INFO - Instagram's error message: challenge_required
2022-04-03 09:02:54,431 - instabot version: 0.117.0 (api) - INFO - Error type: checkpoint_challenge_required
2022-04-03 09:07:20,209 - instabot version: 0.117.0 (bot) - INFO - Instabot version: 0.117.0 Started
2022-04-03 09:07:20,214 - instabot version: 0.117.0 (bot) - DEBUG - Bot imported from /Users/gabrielcarvalho/opt/anaconda3/lib/python3.9/site-packages/instabot/bot/bot.py
2022-04-03 09:07:20,218 - instabot version: 0.117.0 (api_login) - INFO - Not yet logged in starting: PRE-LOGIN FLOW!
2022-04-03 09:07:20,547 - instabot version: 0.117.0 (api) - DEBUG - POST to endpoint: accounts/get_prefill_candidates/ returned response: <Response [200]>
2022-04-03 09:07:20,805 - instabot version: 0.117.0 (api) - DEBUG - POST to endpoint: qe/sync/ returned response: <Response [200]>
2022-04-03 09:07:21,073 - instabot version: 0.117.0 (api) - DEBUG - POST to endpoint: launcher/sync/ returned response: <Response [200]>
2022-04-03 09:07:21,327 - instabot version: 0.117.0 (api) - DEBUG - POST to endpoint: accounts/contact_point_prefill/ returned response: <Response [200]>
2022-04-03 09:07:23,080 - instabot version: 0.117.0 (api) - DEBUG - POST to endpoint: accounts/login/ returned response: <Response [400]>
2022-04-03 09:07:23,080 - instabot version: 0.117.0 (api) - DEBUG - Responsecode indicates error; response content: b'{"message":"challenge_required","challenge":{"url":"https://i.instagram.com/challenge/AXFmTZ-Uv54uiY-DSeq8XfgkmYt-DWmS83uE-0CtMe2boVKVHRoddw3AyIkUGwOPRSgtbMw/ayqjGVm7ZgbUrl0T/","api_path":"/challenge/AXFmTZ-Uv54uiY-DSeq8XfgkmYt-DWmS83uE-0CtMe2boVKVHRoddw3AyIkUGwOPRSgtbMw/ayqjGVm7ZgbUrl0T/","hide_webview_header":true,"lock":true,"logout":false,"native_flow":true,"flow_render_type":0},"status":"fail","error_type":"checkpoint_challenge_required"}'
2022-04-03 09:07:23,080 - instabot version: 0.117.0 (api) - ERROR - Request returns 400 error!
2022-04-03 09:07:23,082 - instabot version: 0.117.0 (api) - INFO - Instagram's error message: challenge_required
2022-04-03 09:07:23,086 - instabot version: 0.117.0 (api) - INFO - Error type: checkpoint_challenge_required
2022-04-03 09:07:23,095 - instabot version: 0.117.0 (api) - CRITICAL - Not logged in!
